Build started 11/1/2013 12:28:37 PM.
     1>Project "C:\Users\ChearleyTop\Documents\Visual Studio 2013\Projects\CSCI 174\CSCI 174\CSCI 174.vcxproj" on node 2 (Build target(s)).
     1>ClCompile:
         C:\Program Files (x86)\Microsoft Visual Studio 12.0\VC\bin\CL.exe /c /ZI /nologo /W3 /WX- /Od /Oy- /D WIN32 /D _DEBUG /D _CONSOLE /D _UNICODE /D UNICODE /Gm /EHsc /RTC1 /MDd /GS /fp:precise /Zc:wchar_t /Zc:forScope /Fo"Debug\\" /Fd"Debug\vc120.pdb" /Gd /TP /analyze- /errorReport:prompt Source.cpp
         Source.cpp
     1>c:\users\chearleytop\documents\visual studio 2013\projects\csci 174\csci 174\adjacency.h(96): warning C4018: '<' : signed/unsigned mismatch
     1>c:\users\chearleytop\documents\visual studio 2013\projects\csci 174\csci 174\adjacency.h(98): warning C4018: '<' : signed/unsigned mismatch
     1>c:\users\chearleytop\documents\visual studio 2013\projects\csci 174\csci 174\adjacency.h(115): warning C4018: '<' : signed/unsigned mismatch
     1>c:\users\chearleytop\documents\visual studio 2013\projects\csci 174\csci 174\adjacency.h(120): warning C4018: '<' : signed/unsigned mismatch
     1>c:\users\chearleytop\documents\visual studio 2013\projects\csci 174\csci 174\adjacency.h(133): warning C4018: '<' : signed/unsigned mismatch
     1>c:\users\chearleytop\documents\visual studio 2013\projects\csci 174\csci 174\adjacency.h(139): warning C4018: '<' : signed/unsigned mismatch
     1>c:\users\chearleytop\documents\visual studio 2013\projects\csci 174\csci 174\adjacency.h(142): warning C4018: '<' : signed/unsigned mismatch
     1>c:\users\chearleytop\documents\visual studio 2013\projects\csci 174\csci 174\adjacency.h(155): warning C4018: '<' : signed/unsigned mismatch
     1>c:\users\chearleytop\documents\visual studio 2013\projects\csci 174\csci 174\star.h(21): warning C4018: '<' : signed/unsigned mismatch
     1>c:\users\chearleytop\documents\visual studio 2013\projects\csci 174\csci 174\star.h(26): warning C4018: '<' : signed/unsigned mismatch
     1>c:\users\chearleytop\documents\visual studio 2013\projects\csci 174\csci 174\star.h(20): warning C4101: 'isStar' : unreferenced local variable
       Link:
         C:\Program Files (x86)\Microsoft Visual Studio 12.0\VC\bin\link.exe /ERRORREPORT:PROMPT /OUT:"C:\Users\ChearleyTop\Documents\Visual Studio 2013\Projects\CSCI 174\Debug\CSCI 174.exe" /INCREMENTAL /NOLOGO kernel32.lib user32.lib gdi32.lib winspool.lib comdlg32.lib advapi32.lib shell32.lib ole32.lib oleaut32.lib uuid.lib odbc32.lib odbccp32.lib /MANIFEST /MANIFESTUAC:"level='asInvoker' uiAccess='false'" /manifest:embed /DEBUG /PDB:"C:\Users\ChearleyTop\Documents\Visual Studio 2013\Projects\CSCI 174\Debug\CSCI 174.pdb" /SUBSYSTEM:CONSOLE /TLBID:1 /DYNAMICBASE /NXCOMPAT /IMPLIB:"C:\Users\ChearleyTop\Documents\Visual Studio 2013\Projects\CSCI 174\Debug\CSCI 174.lib" /MACHINE:X86 Debug\Source.obj
         CSCI 174.vcxproj -> C:\Users\ChearleyTop\Documents\Visual Studio 2013\Projects\CSCI 174\Debug\CSCI 174.exe
     1>Done Building Project "C:\Users\ChearleyTop\Documents\Visual Studio 2013\Projects\CSCI 174\CSCI 174\CSCI 174.vcxproj" (Build target(s)).

Build succeeded.

Time Elapsed 00:00:00.69
